<?xml version="1.0" encoding="UTF-8"?>
<testng-results skipped="0" failed="0" ignored="0" total="1" passed="1">
  <reporter-output>
    <line>
      <![CDATA[Testing jenl=kin]]>
    </line>
  </reporter-output>
  <suite name="Suite" duration-ms="28" started-at="2017-11-15T11:17:52Z" finished-at="2017-11-15T11:17:52Z">
    <groups>
    </groups>
    <test name="Test" duration-ms="28" started-at="2017-11-15T11:17:52Z" finished-at="2017-11-15T11:17:52Z">
      <class name="jenkis.testJenkis">
        <test-method status="PASS" signature="testJenk()[pri:0, instance:jenkis.testJenkis@458ad742]" name="testJenk" duration-ms="9" started-at="2017-11-15T16:47:52Z" finished-at="2017-11-15T16:47:52Z">
          <reporter-output>
            <line>
              <![CDATA[Testing jenl=kin]]>
            </line>
          </reporter-output>
        </test-method> <!-- testJenk -->
      </class> <!-- jenkis.testJenkis -->
    </test> <!-- Test -->
  </suite> <!-- Suite -->
</testng-results>
